<?xml version="1.0" encoding="UTF-8"?>
<!-- Generated by org.testng.reporters.JUnitReportReporter -->
<testsuite hostname="DESKTOP-U2OGQCC" failures="0" tests="2" name="com.automation.testcases.LoginTesty" time="1.891" errors="0" timestamp="2022-05-24T22:39:04 IST" skipped="0">
  <testcase classname="com.automation.testcases.LoginTesty" name="loginApp" time="1.847"/>
  <system-out/>
  <testcase classname="com.automation.testcases.LoginTesty" name="loginApps" time="0.044"/>
  <system-out/>
</testsuite> <!-- com.automation.testcases.LoginTesty -->
