<?xml version="1.0" encoding="UTF-8"?>
<!-- Generated by org.testng.reporters.JUnitReportReporter -->
<testsuite hostname="DESKTOP-U2OGQCC" failures="0" tests="2" name="com.automation.testcases.LoginTest" time="7.919" errors="0" timestamp="2022-05-25T20:17:06 IST" skipped="0">
  <testcase classname="com.automation.testcases.LoginTest" name="loginApp" time="0.998"/>
  <system-out/>
  <testcase classname="com.automation.testcases.LoginTest" name="loginApps" time="6.921"/>
  <system-out/>
</testsuite> <!-- com.automation.testcases.LoginTest -->
