<?xml version="1.0" encoding="UTF-8"?>
<!-- Generated by org.testng.reporters.JUnitReportReporter -->
<testsuite hostname="DESKTOP-U2OGQCC" failures="0" tests="1" name="com.automation.testcases.LoginTesssss" time="0.248" errors="0" timestamp="2022-04-20T12:18:17 IST" skipped="0">
  <testcase classname="com.automation.testcases.LoginTesssss" name="loginApps" time="0.248"/>
  <system-out/>
</testsuite> <!-- com.automation.testcases.LoginTesssss -->
